<?xml version="1.0" encoding="UTF-8"?>
<testng-results ignored="0" total="2" passed="2" failed="0" skipped="0">
  <reporter-output>
  </reporter-output>
  <suite started-at="2021-10-07T22:13:20 IST" name="Default suite" finished-at="2021-10-07T22:13:20 IST" duration-ms="174">
    <groups>
    </groups>
    <test started-at="2021-10-07T22:13:20 IST" name="Default test" finished-at="2021-10-07T22:13:20 IST" duration-ms="174">
      <class name="com.gd.AppTest">
        <test-method signature="testlogin1()[pri:0, instance:com.gd.AppTest@17a7f733]" started-at="2021-10-07T22:13:20 IST" name="testlogin1" finished-at="2021-10-07T22:13:20 IST" duration-ms="65" status="PASS">
          <reporter-output>
          </reporter-output>
        </test-method> <!-- testlogin1 -->
        <test-method signature="testlogin2()[pri:0, instance:com.gd.AppTest@17a7f733]" started-at="2021-10-07T22:13:20 IST" name="testlogin2" finished-at="2021-10-07T22:13:20 IST" duration-ms="2" status="PASS">
          <reporter-output>
          </reporter-output>
        </test-method> <!-- testlogin2 -->
      </class> <!-- com.gd.AppTest -->
    </test> <!-- Default test -->
  </suite> <!-- Default suite -->
</testng-results>
